!DisplaySolutions
!translateExBank
!Trigger
!ownLineNoSpacesGotIt
!setExercisesDir
!At
!isin
!exerciseFile
!makeset
!about
!sprite
!exclude
!select
!setName
!pplabel
!ppref
!pppref
:v0.1.0:2018/04/08
\exercisebanksetup
:v0.1.1:2018/04/13
\exec
\sprite
\At
\Trigger
\makeset
\buildset
\phead
:v0.1.2:2018/04/17
\At
\select
\exclude
\ShowNumbers
:v0.1.3:2018/04/20
\makeset
\select
\exclude
\exec
\pbreak
\phead
\At
\Trigger
:v0.2.0:2018/07/21
\DeclareExerciseCommand
\exec
\makeset
\select
\exclude
\ShowNumbers
\ppref
\exercisebanksetup
\buildsets
:@@VERSION:@@DATE
\nextproblem
\buildtags
\ShowNumbers
